<?xml version="1.0" encoding="UTF-8"?>
<testsuite xmlns:xsi="http://www.w3.org/2001/XMLSchema-instance" xsi:noNamespaceSchemaLocation="https://maven.apache.org/surefire/maven-surefire-plugin/xsd/surefire-test-report-3.0.xsd" version="3.0" name="GetFilesWithExtensionTest" time="0.015" tests="6" errors="0" skipped="0" failures="0">
  <properties>
    <property name="java.specification.version" value="21"/>
    <property name="sun.cpu.isalist" value="amd64"/>
    <property name="sun.jnu.encoding" value="Cp1251"/>
    <property name="java.class.path" value="C:\Users\Goman Nikita\Desktop\LabsJava\laba_7\target\test-classes;C:\Users\Goman Nikita\Desktop\LabsJava\laba_7\target\classes;C:\Users\Goman Nikita\.m2\repository\org\junit\jupiter\junit-jupiter\5.7.0\junit-jupiter-5.7.0.jar;C:\Users\Goman Nikita\.m2\repository\org\junit\jupiter\junit-jupiter-api\5.7.0\junit-jupiter-api-5.7.0.jar;C:\Users\Goman Nikita\.m2\repository\org\apiguardian\apiguardian-api\1.1.0\apiguardian-api-1.1.0.jar;C:\Users\Goman Nikita\.m2\repository\org\opentest4j\opentest4j\1.2.0\opentest4j-1.2.0.jar;C:\Users\Goman Nikita\.m2\repository\org\junit\platform\junit-platform-commons\1.7.0\junit-platform-commons-1.7.0.jar;C:\Users\Goman Nikita\.m2\repository\org\junit\jupiter\junit-jupiter-params\5.7.0\junit-jupiter-params-5.7.0.jar;C:\Users\Goman Nikita\.m2\repository\org\junit\jupiter\junit-jupiter-engine\5.7.0\junit-jupiter-engine-5.7.0.jar;C:\Users\Goman Nikita\.m2\repository\org\junit\platform\junit-platform-engine\1.7.0\junit-platform-engine-1.7.0.jar;C:\Users\Goman Nikita\.m2\repository\org\mockito\mockito-core\3.3.3\mockito-core-3.3.3.jar;C:\Users\Goman Nikita\.m2\repository\net\bytebuddy\byte-buddy\1.10.5\byte-buddy-1.10.5.jar;C:\Users\Goman Nikita\.m2\repository\net\bytebuddy\byte-buddy-agent\1.10.5\byte-buddy-agent-1.10.5.jar;C:\Users\Goman Nikita\.m2\repository\org\objenesis\objenesis\2.6\objenesis-2.6.jar;C:\Users\Goman Nikita\.m2\repository\com\fasterxml\jackson\core\jackson-databind\2.13.1\jackson-databind-2.13.1.jar;C:\Users\Goman Nikita\.m2\repository\com\fasterxml\jackson\core\jackson-annotations\2.13.1\jackson-annotations-2.13.1.jar;C:\Users\Goman Nikita\.m2\repository\com\fasterxml\jackson\core\jackson-core\2.13.1\jackson-core-2.13.1.jar;"/>
    <property name="java.vm.vendor" value="Amazon.com Inc."/>
    <property name="sun.arch.data.model" value="64"/>
    <property name="user.variant" value=""/>
    <property name="java.vendor.url" value="https://aws.amazon.com/corretto/"/>
    <property name="user.timezone" value="Asia/Omsk"/>
    <property name="os.name" value="Windows 11"/>
    <property name="java.vm.specification.version" value="21"/>
    <property name="sun.java.launcher" value="SUN_STANDARD"/>
    <property name="user.country" value="RU"/>
    <property name="sun.boot.library.path" value="C:\Users\Goman Nikita\.jdks\corretto-21.0.3\bin"/>
    <property name="sun.java.command" value="C:\TEMP\surefire7694488152285260259\surefirebooter-20240623164843055_3.jar C:\TEMP\surefire7694488152285260259 2024-06-23T16-48-42_976-jvmRun1 surefire-20240623164843055_1tmp surefire_0-20240623164843055_2tmp"/>
    <property name="jdk.debug" value="release"/>
    <property name="surefire.test.class.path" value="C:\Users\Goman Nikita\Desktop\LabsJava\laba_7\target\test-classes;C:\Users\Goman Nikita\Desktop\LabsJava\laba_7\target\classes;C:\Users\Goman Nikita\.m2\repository\org\junit\jupiter\junit-jupiter\5.7.0\junit-jupiter-5.7.0.jar;C:\Users\Goman Nikita\.m2\repository\org\junit\jupiter\junit-jupiter-api\5.7.0\junit-jupiter-api-5.7.0.jar;C:\Users\Goman Nikita\.m2\repository\org\apiguardian\apiguardian-api\1.1.0\apiguardian-api-1.1.0.jar;C:\Users\Goman Nikita\.m2\repository\org\opentest4j\opentest4j\1.2.0\opentest4j-1.2.0.jar;C:\Users\Goman Nikita\.m2\repository\org\junit\platform\junit-platform-commons\1.7.0\junit-platform-commons-1.7.0.jar;C:\Users\Goman Nikita\.m2\repository\org\junit\jupiter\junit-jupiter-params\5.7.0\junit-jupiter-params-5.7.0.jar;C:\Users\Goman Nikita\.m2\repository\org\junit\jupiter\junit-jupiter-engine\5.7.0\junit-jupiter-engine-5.7.0.jar;C:\Users\Goman Nikita\.m2\repository\org\junit\platform\junit-platform-engine\1.7.0\junit-platform-engine-1.7.0.jar;C:\Users\Goman Nikita\.m2\repository\org\mockito\mockito-core\3.3.3\mockito-core-3.3.3.jar;C:\Users\Goman Nikita\.m2\repository\net\bytebuddy\byte-buddy\1.10.5\byte-buddy-1.10.5.jar;C:\Users\Goman Nikita\.m2\repository\net\bytebuddy\byte-buddy-agent\1.10.5\byte-buddy-agent-1.10.5.jar;C:\Users\Goman Nikita\.m2\repository\org\objenesis\objenesis\2.6\objenesis-2.6.jar;C:\Users\Goman Nikita\.m2\repository\com\fasterxml\jackson\core\jackson-databind\2.13.1\jackson-databind-2.13.1.jar;C:\Users\Goman Nikita\.m2\repository\com\fasterxml\jackson\core\jackson-annotations\2.13.1\jackson-annotations-2.13.1.jar;C:\Users\Goman Nikita\.m2\repository\com\fasterxml\jackson\core\jackson-core\2.13.1\jackson-core-2.13.1.jar;"/>
    <property name="sun.cpu.endian" value="little"/>
    <property name="user.home" value="C:\Users\Goman Nikita"/>
    <property name="user.language" value="ru"/>
    <property name="java.specification.vendor" value="Oracle Corporation"/>
    <property name="java.version.date" value="2024-04-16"/>
    <property name="java.home" value="C:\Users\Goman Nikita\.jdks\corretto-21.0.3"/>
    <property name="file.separator" value="\"/>
    <property name="basedir" value="C:\Users\Goman Nikita\Desktop\LabsJava\laba_7"/>
    <property name="java.vm.compressedOopsMode" value="Zero based"/>
    <property name="line.separator" value="&#10;"/>
    <property name="java.vm.specification.vendor" value="Oracle Corporation"/>
    <property name="java.specification.name" value="Java Platform API Specification"/>
    <property name="surefire.real.class.path" value="C:\TEMP\surefire7694488152285260259\surefirebooter-20240623164843055_3.jar"/>
    <property name="user.script" value=""/>
    <property name="sun.management.compiler" value="HotSpot 64-Bit Tiered Compilers"/>
    <property name="java.runtime.version" value="21.0.3+9-LTS"/>
    <property name="user.name" value="Goman Nikita"/>
    <property name="stdout.encoding" value="Cp1251"/>
    <property name="path.separator" value=";"/>
    <property name="os.version" value="10.0"/>
    <property name="java.runtime.name" value="OpenJDK Runtime Environment"/>
    <property name="file.encoding" value="UTF-8"/>
    <property name="java.vm.name" value="OpenJDK 64-Bit Server VM"/>
    <property name="java.vendor.version" value="Corretto-21.0.3.9.1"/>
    <property name="localRepository" value="C:\Users\Goman Nikita\.m2\repository"/>
    <property name="java.vendor.url.bug" value="https://github.com/corretto/corretto-21/issues/"/>
    <property name="java.io.tmpdir" value="C:\TEMP\"/>
    <property name="idea.version" value="2024.1.2"/>
    <property name="java.version" value="21.0.3"/>
    <property name="user.dir" value="C:\Users\Goman Nikita\Desktop\LabsJava\laba_7"/>
    <property name="os.arch" value="amd64"/>
    <property name="java.vm.specification.name" value="Java Virtual Machine Specification"/>
    <property name="sun.os.patch.level" value=""/>
    <property name="native.encoding" value="Cp1251"/>
    <property name="java.library.path" value="C:\Users\Goman Nikita\.jdks\corretto-21.0.3\bin;C:\Windows\Sun\Java\bin;C:\Windows\system32;C:\Windows;C:\Program Files\Common Files\Oracle\Java\javapath;C:\Program Files (x86)\Common Files\Oracle\Java\java8path;C:\Program Files (x86)\Common Files\Oracle\Java\javapath;C:\Program Files (x86)\Common Files\Intel\Shared Files\cpp\bin\Intel64;C:\Windows\system32;C:\Windows;C:\Windows\System32\Wbem;C:\Windows\System32\WindowsPowerShell\v1.0\;C:\Windows\System32\OpenSSH\;C:\Program Files\Git\cmd;C:\Users\Goman Nikita\AppData\Local\Microsoft\WindowsApps;;."/>
    <property name="java.vm.info" value="mixed mode, sharing"/>
    <property name="stderr.encoding" value="Cp1251"/>
    <property name="java.vendor" value="Amazon.com Inc."/>
    <property name="java.vm.version" value="21.0.3+9-LTS"/>
    <property name="sun.io.unicode.encoding" value="UnicodeLittle"/>
    <property name="java.class.version" value="65.0"/>
  </properties>
  <testcase name="testSearchFilesInDirectory" classname="GetFilesWithExtensionTest" time="0.0"/>
  <testcase name="testInvalidDirectoryPath" classname="GetFilesWithExtensionTest" time="0.0"/>
  <testcase name="testGetFilesWithExtension" classname="GetFilesWithExtensionTest" time="0.0"/>
  <testcase name="testEmptyDirectoryPath" classname="GetFilesWithExtensionTest" time="0.0"/>
  <testcase name="testEmptyExtension" classname="GetFilesWithExtensionTest" time="0.015"/>
  <testcase name="testSearchFilesInDirectorySecond" classname="GetFilesWithExtensionTest" time="0.0"/>
</testsuite>